<?xml version="1.0" encoding="UTF-8"?>
<!-- Generated by org.testng.reporters.JUnitReportReporter -->
<testsuite skipped="0" hostname="HaoHao" name="specs.Testcase" tests="1" failures="0" timestamp="24 Apr 2019 19:49:14 GMT" time="7.747" errors="0">
  <testcase name="main" time="7.747" classname="specs.Testcase"/>
</testsuite> <!-- specs.Testcase -->
